/usr/bin/find: ‘/gpfs/scratch1/nodespecific/gcn22/scur0008.18231225’: No such file or directory
/usr/bin/find: ‘/gpfs/scratch1/nodespecific/gcn22/kzaporojets.18231643’: No such file or directory
/usr/bin/find: ‘/gpfs/scratch1/nodespecific/gcn22/jtang1.17749720’: No such file or directory
/usr/bin/find: ‘/gpfs/scratch1/nodespecific/gcn36/daniel.18024446’: No such file or directory
/usr/bin/find: ‘/gpfs/scratch1/nodespecific/gcn36/daniel.18024748’: No such file or directory
/usr/bin/find: ‘/gpfs/scratch1/nodespecific/gcn36/baskr.18205320’: No such file or directory
/usr/bin/find: ‘/gpfs/scratch1/nodespecific/gcn36/daniel.18023686’: No such file or directory
/usr/bin/find: ‘/gpfs/scratch1/nodespecific/gcn36/daniel.18024154’: No such file or directory
/usr/bin/find: ‘/gpfs/scratch1/nodespecific/gcn36/daniel.18024173’: No such file or directory
/usr/bin/find: ‘/gpfs/scratch1/nodespecific/gcn36/jtang1.18203341’: No such file or directory
/usr/bin/find: ‘/gpfs/scratch1/nodespecific/gcn36/scur0104.18219108’: No such file or directory
/usr/bin/find: ‘/gpfs/scratch1/nodespecific/gcn36/daniel.18023543’: No such file or directory
/usr/bin/find: ‘/gpfs/scratch1/nodespecific/gcn36/daniel.18023685’: No such file or directory
/usr/bin/find: ‘/gpfs/scratch1/nodespecific/gcn36/daniel.18025420’: No such file or directory
/usr/bin/find: ‘/gpfs/scratch1/nodespecific/gcn36/daniel.18029392’: No such file or directory
/usr/bin/find: ‘/gpfs/scratch1/nodespecific/gcn36/daniel.18024447’: No such file or directory
/usr/bin/find: ‘/gpfs/scratch1/nodespecific/gcn36/daniel.18024578’: No such file or directory
/usr/bin/find: ‘/gpfs/scratch1/nodespecific/gcn36/daniel.18025009’: No such file or directory
/usr/bin/find: ‘/gpfs/scratch1/nodespecific/gcn36/daniel.18024174’: No such file or directory
/usr/bin/find: ‘/gpfs/scratch1/nodespecific/gcn36/scur1411.18203287’: No such file or directory
/usr/bin/find: ‘/gpfs/scratch1/nodespecific/gcn36/daniel.18023544’: No such file or directory
/usr/bin/find: ‘/gpfs/scratch1/nodespecific/gcn36/daniel.18029295’: No such file or directory
/usr/bin/find: ‘/gpfs/scratch1/nodespecific/gcn36/daniel.18025421’: No such file or directory
/usr/bin/find: ‘/gpfs/scratch1/nodespecific/gcn51/mkotsonis.17794943’: No such file or directory
/usr/bin/find: ‘/gpfs/scratch1/nodespecific/gcn29/eliasd.18239119’: No such file or directory
/usr/bin/find: ‘/gpfs/scratch1/nodespecific/gcn29/eliasd.18239850’: No such file or directory
/usr/bin/find: ‘/gpfs/scratch1/nodespecific/gcn29/eliasd.18238771’: No such file or directory
/usr/bin/find: ‘/gpfs/scratch1/nodespecific/gcn29/rhogerwerf.18246259’: No such file or directory
/usr/bin/find: ‘/gpfs/scratch1/nodespecific/gcn29/eliasd.18239717’: No such file or directory
/usr/bin/find: ‘/gpfs/scratch1/nodespecific/gcn29/eliasd.18238996’: No such file or directory
/usr/bin/find: ‘/gpfs/scratch1/nodespecific/gcn29/eliasd.18238952’: No such file or directory
/usr/bin/find: ‘/gpfs/scratch1/nodespecific/gcn29/eliasd.18241091’: No such file or directory
/usr/bin/find: ‘/gpfs/scratch1/nodespecific/gcn29/eliasd.18239976’: No such file or directory
/usr/bin/find: ‘/gpfs/scratch1/nodespecific/gcn29/scur0104.18246223’: No such file or directory
/usr/bin/find: ‘/gpfs/scratch1/nodespecific/gcn29/rhogerwerf.18246252’: No such file or directory
/usr/bin/find: ‘/gpfs/scratch1/nodespecific/gcn29/scur0104.18246358’: No such file or directory
/usr/bin/find: ‘/gpfs/scratch1/nodespecific/gcn29/scur0104.18246309’: No such file or directory
/usr/bin/find: ‘/gpfs/scratch1/nodespecific/gcn29/eliasd.18238880’: No such file or directory
/usr/bin/find: ‘/gpfs/scratch1/nodespecific/gcn29/scur0132.18244070’: No such file or directory
/usr/bin/find: ‘/gpfs/scratch1/nodespecific/gcn29/eliasd.18240774’: No such file or directory
/usr/bin/find: ‘/gpfs/scratch1/nodespecific/gcn29/eliasd.18240880’: No such file or directory
/usr/bin/find: ‘/gpfs/scratch1/nodespecific/gcn29/rhogerwerf.18246306’: No such file or directory
/usr/bin/find: ‘/gpfs/scratch1/nodespecific/gcn29/eliasd.18239194’: No such file or directory
/usr/bin/find: ‘/gpfs/scratch1/nodespecific/gcn29/scur0104.18246217’: No such file or directory
/usr/bin/find: ‘/gpfs/scratch1/nodespecific/gcn29/dvoosteroom.18244323’: No such file or directory
/usr/bin/find: ‘/gpfs/scratch1/nodespecific/gcn29/eliasd.18239787’: No such file or directory
/usr/bin/find: ‘/gpfs/scratch1/nodespecific/gcn29/eliasd.18240486’: No such file or directory
/usr/bin/find: ‘/gpfs/scratch1/nodespecific/gcn29/eliasd.18240580’: No such file or directory
/usr/bin/find: ‘/gpfs/scratch1/nodespecific/gcn29/eliasd.18239910’: No such file or directory
/usr/bin/find: ‘/gpfs/scratch1/nodespecific/gcn29/eliasd.18240536’: No such file or directory
/usr/bin/find: ‘/gpfs/scratch1/nodespecific/gcn29/eliasd.18240707’: No such file or directory
srun: error: srv1: task 0: Exited with exit code 1
srun: Terminating StepId=18456830.0
